<?xml version="1.0" encoding="UTF-8"?>
<testsuite name="com.shinhan.heybob.HeybobApplicationTests" tests="1" skipped="0" failures="0" errors="0" timestamp="2025-08-21T07:57:24.929Z" hostname="DESKTOP-HA97GMI" time="1.199">
  <properties/>
  <testcase name="contextLoads()" classname="com.shinhan.heybob.HeybobApplicationTests" time="1.199"/>
  <system-out><![CDATA[16:57:22.309 [Test worker] INFO org.springframework.test.context.support.AnnotationConfigContextLoaderUtils -- Could not detect default configuration classes for test class [com.shinhan.heybob.HeybobApplicationTests]: HeybobApplicationTests does not declare any static, non-private, non-final, nested classes annotated with @Configuration.
16:57:22.490 [Test worker] INFO org.springframework.boot.test.context.SpringBootTestContextBootstrapper -- Found @SpringBootConfiguration com.shinhan.heybob.HeybobApplication for test class com.shinhan.heybob.HeybobApplicationTests

  .   ____          _            __ _ _
 /\\ / ___'_ __ _ _(_)_ __  __ _ \ \ \ \
( ( )\___ | '_ | '_| | '_ \/ _` | \ \ \ \
 \\/  ___)| |_)| | | | | || (_| |  ) ) ) )
  '  |____| .__|_| |_|_| |_\__, | / / / /
 =========|_|==============|___/=/_/_/_/

 :: Spring Boot ::                (v3.5.4)

2025-08-21T16:57:23.032+09:00  INFO 4204 --- [    Test worker] c.shinhan.heybob.HeybobApplicationTests  : Starting HeybobApplicationTests using Java 17.0.12 with PID 4204 (started by SSAFY in C:\Users\SSAFY\heybob_main\Heybob-Backend\MainServer)
2025-08-21T16:57:23.033+09:00  INFO 4204 --- [    Test worker] c.shinhan.heybob.HeybobApplicationTests  : No active profile set, falling back to 1 default profile: "default"
2025-08-21T16:57:24.893+09:00  INFO 4204 --- [    Test worker] c.shinhan.heybob.HeybobApplicationTests  : Started HeybobApplicationTests in 2.185 seconds (process running for 3.734)
]]></system-out>
  <system-err><![CDATA[]]></system-err>
</testsuite>
