<?xml version="1.0" encoding="UTF-8"?>
<testsuite name="com.shinhan.heybob.chat.domain.chat.service.ChatHistoryServiceTest" tests="8" skipped="0" failures="0" errors="0" timestamp="2025-08-22T00:15:03.611Z" hostname="DESKTOP-HA97GMI" time="0.229">
  <properties/>
  <testcase name="빈_히스토리_조회()" classname="com.shinhan.heybob.chat.domain.chat.service.ChatHistoryServiceTest" time="0.183"/>
  <testcase name="단일_메시지_히스토리_조회()" classname="com.shinhan.heybob.chat.domain.chat.service.ChatHistoryServiceTest" time="0.018"/>
  <testcase name="특정_메시지_이전_히스토리_조회_성공()" classname="com.shinhan.heybob.chat.domain.chat.service.ChatHistoryServiceTest" time="0.004"/>
  <testcase name="메시지_타입별_히스토리_조회()" classname="com.shinhan.heybob.chat.domain.chat.service.ChatHistoryServiceTest" time="0.003"/>
  <testcase name="limit_1로_페이징_테스트()" classname="com.shinhan.heybob.chat.domain.chat.service.ChatHistoryServiceTest" time="0.003"/>
  <testcase name="더_많은_히스토리_있을_때_hasMore_true()" classname="com.shinhan.heybob.chat.domain.chat.service.ChatHistoryServiceTest" time="0.004"/>
  <testcase name="더_이상_히스토리_없을_때_hasMore_false()" classname="com.shinhan.heybob.chat.domain.chat.service.ChatHistoryServiceTest" time="0.003"/>
  <testcase name="초기_채팅_히스토리_조회_성공()" classname="com.shinhan.heybob.chat.domain.chat.service.ChatHistoryServiceTest" time="0.003"/>
  <system-out><![CDATA[]]></system-out>
  <system-err><![CDATA[]]></system-err>
</testsuite>
