<?xml version="1.0" encoding="UTF-8"?>
<testsuite name="com.shinhan.heybob.chat.domain.chat.controller.ChatHistoryControllerTest" tests="10" skipped="0" failures="1" errors="0" timestamp="2025-08-24T11:25:14.587Z" hostname="DESKTOP-HA97GMI" time="1.962">
  <properties/>
  <testcase name="빈_히스토리_응답()" classname="com.shinhan.heybob.chat.domain.chat.controller.ChatHistoryControllerTest" time="1.634"/>
  <testcase name="hasMore_false_상황_테스트()" classname="com.shinhan.heybob.chat.domain.chat.controller.ChatHistoryControllerTest" time="0.037"/>
  <testcase name="커스텀_limit_파라미터_테스트()" classname="com.shinhan.heybob.chat.domain.chat.controller.ChatHistoryControllerTest" time="0.028"/>
  <testcase name="User_ID_헤더_없을_때_실패()" classname="com.shinhan.heybob.chat.domain.chat.controller.ChatHistoryControllerTest" time="0.059">
    <failure message="jakarta.servlet.ServletException: Request processing failed: java.lang.NullPointerException: Cannot invoke &quot;com.shinhan.heybob.chat.domain.chat.dto.ChatHistoryResponse.getTotalCount()&quot; because &quot;response&quot; is null" type="jakarta.servlet.ServletException">jakarta.servlet.ServletException: Request processing failed: java.lang.NullPointerException: Cannot invoke &quot;com.shinhan.heybob.chat.domain.chat.dto.ChatHistoryResponse.getTotalCount()&quot; because &quot;response&quot; is null
	at app//org.springframework.web.servlet.FrameworkServlet.processRequest(FrameworkServlet.java:1022)
	at app//org.springframework.web.servlet.FrameworkServlet.doGet(FrameworkServlet.java:903)
	at app//jakarta.servlet.http.HttpServlet.service(HttpServlet.java:564)
	at app//org.springframework.web.servlet.FrameworkServlet.service(FrameworkServlet.java:885)
	at app//org.springframework.test.web.servlet.TestDispatcherServlet.service(TestDispatcherServlet.java:72)
	at app//jakarta.servlet.http.HttpServlet.service(HttpServlet.java:658)
	at app//org.springframework.mock.web.MockFilterChain$ServletFilterProxy.doFilter(MockFilterChain.java:165)
	at app//org.springframework.mock.web.MockFilterChain.doFilter(MockFilterChain.java:132)
	at app//org.springframework.test.web.servlet.MockMvc.perform(MockMvc.java:201)
	at app//com.shinhan.heybob.chat.domain.chat.controller.ChatHistoryControllerTest.User_ID_헤더_없을_때_실패(ChatHistoryControllerTest.java:235)
	at java.base@17.0.12/java.lang.reflect.Method.invoke(Method.java:568)
	at java.base@17.0.12/java.util.ArrayList.forEach(ArrayList.java:1511)
	at java.base@17.0.12/java.util.ArrayList.forEach(ArrayList.java:1511)
Caused by: java.lang.NullPointerException: Cannot invoke &quot;com.shinhan.heybob.chat.domain.chat.dto.ChatHistoryResponse.getTotalCount()&quot; because &quot;response&quot; is null
	at com.shinhan.heybob.chat.domain.chat.controller.ChatHistoryController.getMessages(ChatHistoryController.java:48)
	at java.base/jdk.internal.reflect.NativeMethodAccessorImpl.invoke0(Native Method)
	at java.base/jdk.internal.reflect.NativeMethodAccessorImpl.invoke(NativeMethodAccessorImpl.java:77)
	at java.base/jdk.internal.reflect.DelegatingMethodAccessorImpl.invoke(DelegatingMethodAccessorImpl.java:43)
	at java.base/java.lang.reflect.Method.invoke(Method.java:568)
	at org.springframework.web.method.support.InvocableHandlerMethod.doInvoke(InvocableHandlerMethod.java:258)
	at org.springframework.web.method.support.InvocableHandlerMethod.invokeForRequest(InvocableHandlerMethod.java:191)
	at org.springframework.web.servlet.mvc.method.annotation.ServletInvocableHandlerMethod.invokeAndHandle(ServletInvocableHandlerMethod.java:118)
	at org.springframework.web.servlet.mvc.method.annotation.RequestMappingHandlerAdapter.invokeHandlerMethod(RequestMappingHandlerAdapter.java:991)
	at org.springframework.web.servlet.mvc.method.annotation.RequestMappingHandlerAdapter.handleInternal(RequestMappingHandlerAdapter.java:896)
	at org.springframework.web.servlet.mvc.method.AbstractHandlerMethodAdapter.handle(AbstractHandlerMethodAdapter.java:87)
	at org.springframework.web.servlet.DispatcherServlet.doDispatch(DispatcherServlet.java:1089)
	at org.springframework.web.servlet.DispatcherServlet.doService(DispatcherServlet.java:979)
	at org.springframework.web.servlet.FrameworkServlet.processRequest(FrameworkServlet.java:1014)
	... 12 more
</failure>
  </testcase>
  <testcase name="여러_파라미터_조합_테스트()" classname="com.shinhan.heybob.chat.domain.chat.controller.ChatHistoryControllerTest" time="0.039"/>
  <testcase name="특정_메시지_이전_히스토리_조회_성공()" classname="com.shinhan.heybob.chat.domain.chat.controller.ChatHistoryControllerTest" time="0.031"/>
  <testcase name="hasMore_true_상황_테스트()" classname="com.shinhan.heybob.chat.domain.chat.controller.ChatHistoryControllerTest" time="0.032"/>
  <testcase name="다양한_메시지_타입_응답()" classname="com.shinhan.heybob.chat.domain.chat.controller.ChatHistoryControllerTest" time="0.02"/>
  <testcase name="레거시_API_엔드포인트_테스트()" classname="com.shinhan.heybob.chat.domain.chat.controller.ChatHistoryControllerTest" time="0.037"/>
  <testcase name="초기_채팅_히스토리_조회_성공()" classname="com.shinhan.heybob.chat.domain.chat.controller.ChatHistoryControllerTest" time="0.039"/>
  <system-out><![CDATA[2025-08-24T20:25:15.311+09:00 ERROR 2488 --- [MessageBroker-3] c.s.h.c.d.c.c.MainResponseConsumer       : ? Main 서버 메시지 소비 중 오류

org.springframework.data.redis.RedisConnectionFailureException: Unable to connect to Redis
	at org.springframework.data.redis.connection.lettuce.LettuceConnectionFactory$ExceptionTranslatingConnectionProvider.translateException(LettuceConnectionFactory.java:1866) ~[spring-data-redis-3.5.2.jar:3.5.2]
	at org.springframework.data.redis.connection.lettuce.LettuceConnectionFactory$ExceptionTranslatingConnectionProvider.getConnection(LettuceConnectionFactory.java:1797) ~[spring-data-redis-3.5.2.jar:3.5.2]
	at org.springframework.data.redis.connection.lettuce.LettuceConnectionFactory$SharedConnection.getNativeConnection(LettuceConnectionFactory.java:1594) ~[spring-data-redis-3.5.2.jar:3.5.2]
	at org.springframework.data.redis.connection.lettuce.LettuceConnectionFactory$SharedConnection.lambda$getConnection$0(LettuceConnectionFactory.java:1574) ~[spring-data-redis-3.5.2.jar:3.5.2]
	at org.springframework.data.redis.connection.lettuce.LettuceConnectionFactory.doInLock(LettuceConnectionFactory.java:1535) ~[spring-data-redis-3.5.2.jar:3.5.2]
	at org.springframework.data.redis.connection.lettuce.LettuceConnectionFactory$SharedConnection.getConnection(LettuceConnectionFactory.java:1571) ~[spring-data-redis-3.5.2.jar:3.5.2]
	at org.springframework.data.redis.connection.lettuce.LettuceConnectionFactory.getSharedConnection(LettuceConnectionFactory.java:1257) ~[spring-data-redis-3.5.2.jar:3.5.2]
	at org.springframework.data.redis.connection.lettuce.LettuceConnectionFactory.getConnection(LettuceConnectionFactory.java:1063) ~[spring-data-redis-3.5.2.jar:3.5.2]
	at org.springframework.data.redis.core.RedisConnectionUtils.fetchConnection(RedisConnectionUtils.java:195) ~[spring-data-redis-3.5.2.jar:3.5.2]
	at org.springframework.data.redis.core.RedisConnectionUtils.doGetConnection(RedisConnectionUtils.java:144) ~[spring-data-redis-3.5.2.jar:3.5.2]
	at org.springframework.data.redis.core.RedisConnectionUtils.getConnection(RedisConnectionUtils.java:105) ~[spring-data-redis-3.5.2.jar:3.5.2]
	at org.springframework.data.redis.core.RedisTemplate.execute(RedisTemplate.java:400) ~[spring-data-redis-3.5.2.jar:3.5.2]
	at org.springframework.data.redis.core.RedisTemplate.execute(RedisTemplate.java:380) ~[spring-data-redis-3.5.2.jar:3.5.2]
	at org.springframework.data.redis.core.AbstractOperations.execute(AbstractOperations.java:117) ~[spring-data-redis-3.5.2.jar:3.5.2]
	at org.springframework.data.redis.core.DefaultStreamOperations.read(DefaultStreamOperations.java:275) ~[spring-data-redis-3.5.2.jar:3.5.2]
	at org.springframework.data.redis.core.StreamOperations.read(StreamOperations.java:521) ~[spring-data-redis-3.5.2.jar:3.5.2]
	at com.shinhan.heybob.chat.domain.communication.consumer.MainResponseConsumer.consumeMessages(MainResponseConsumer.java:40) ~[main/:na]
	at java.base/jdk.internal.reflect.NativeMethodAccessorImpl.invoke0(Native Method) ~[na:na]
	at java.base/jdk.internal.reflect.NativeMethodAccessorImpl.invoke(NativeMethodAccessorImpl.java:77) ~[na:na]
	at java.base/jdk.internal.reflect.DelegatingMethodAccessorImpl.invoke(DelegatingMethodAccessorImpl.java:43) ~[na:na]
	at java.base/java.lang.reflect.Method.invoke(Method.java:568) ~[na:na]
	at org.springframework.scheduling.support.ScheduledMethodRunnable.runInternal(ScheduledMethodRunnable.java:130) ~[spring-context-6.2.9.jar:6.2.9]
	at org.springframework.scheduling.support.ScheduledMethodRunnable.lambda$run$2(ScheduledMethodRunnable.java:124) ~[spring-context-6.2.9.jar:6.2.9]
	at io.micrometer.observation.Observation.observe(Observation.java:498) ~[micrometer-observation-1.15.2.jar:1.15.2]
	at org.springframework.scheduling.support.ScheduledMethodRunnable.run(ScheduledMethodRunnable.java:124) ~[spring-context-6.2.9.jar:6.2.9]
	at org.springframework.scheduling.config.Task$OutcomeTrackingRunnable.run(Task.java:85) ~[spring-context-6.2.9.jar:6.2.9]
	at org.springframework.scheduling.support.DelegatingErrorHandlingRunnable.run(DelegatingErrorHandlingRunnable.java:54) ~[spring-context-6.2.9.jar:6.2.9]
	at java.base/java.util.concurrent.Executors$RunnableAdapter.call(Executors.java:539) ~[na:na]
	at java.base/java.util.concurrent.FutureTask.runAndReset(FutureTask.java:305) ~[na:na]
	at java.base/java.util.concurrent.ScheduledThreadPoolExecutor$ScheduledFutureTask.run(ScheduledThreadPoolExecutor.java:305) ~[na:na]
	at java.base/java.util.concurrent.ThreadPoolExecutor.runWorker(ThreadPoolExecutor.java:1136) ~[na:na]
	at java.base/java.util.concurrent.ThreadPoolExecutor$Worker.run(ThreadPoolExecutor.java:635) ~[na:na]
	at java.base/java.lang.Thread.run(Thread.java:842) ~[na:na]
Caused by: io.lettuce.core.RedisConnectionException: Unable to connect to redis/<unresolved>:6379
	at io.lettuce.core.RedisConnectionException.create(RedisConnectionException.java:63) ~[lettuce-core-6.6.0.RELEASE.jar:6.6.0.RELEASE/643bd47]
	at io.lettuce.core.RedisConnectionException.create(RedisConnectionException.java:41) ~[lettuce-core-6.6.0.RELEASE.jar:6.6.0.RELEASE/643bd47]
	at io.lettuce.core.AbstractRedisClient.getConnection(AbstractRedisClient.java:354) ~[lettuce-core-6.6.0.RELEASE.jar:6.6.0.RELEASE/643bd47]
	at io.lettuce.core.RedisClient.connect(RedisClient.java:220) ~[lettuce-core-6.6.0.RELEASE.jar:6.6.0.RELEASE/643bd47]
	at org.springframework.data.redis.connection.lettuce.StandaloneConnectionProvider.lambda$getConnection$1(StandaloneConnectionProvider.java:112) ~[spring-data-redis-3.5.2.jar:3.5.2]
	at java.base/java.util.Optional.orElseGet(Optional.java:364) ~[na:na]
	at org.springframework.data.redis.connection.lettuce.StandaloneConnectionProvider.getConnection(StandaloneConnectionProvider.java:112) ~[spring-data-redis-3.5.2.jar:3.5.2]
	at org.springframework.data.redis.connection.lettuce.LettuceConnectionFactory$ExceptionTranslatingConnectionProvider.getConnection(LettuceConnectionFactory.java:1795) ~[spring-data-redis-3.5.2.jar:3.5.2]
	... 31 common frames omitted
Caused by: java.net.UnknownHostException: Failed to resolve 'redis' [A(1)] after 2 queries 
	at io.netty.resolver.dns.DnsResolveContext.finishResolve(DnsResolveContext.java:1150) ~[netty-resolver-dns-4.1.123.Final.jar:4.1.123.Final]
	at io.netty.resolver.dns.DnsResolveContext.tryToFinishResolve(DnsResolveContext.java:1097) ~[netty-resolver-dns-4.1.123.Final.jar:4.1.123.Final]
	at io.netty.resolver.dns.DnsResolveContext.query(DnsResolveContext.java:455) ~[netty-resolver-dns-4.1.123.Final.jar:4.1.123.Final]
	at io.netty.resolver.dns.DnsResolveContext.onResponse(DnsResolveContext.java:686) ~[netty-resolver-dns-4.1.123.Final.jar:4.1.123.Final]
	at io.netty.resolver.dns.DnsResolveContext.access$500(DnsResolveContext.java:70) ~[netty-resolver-dns-4.1.123.Final.jar:4.1.123.Final]
	at io.netty.resolver.dns.DnsResolveContext$2.operationComplete(DnsResolveContext.java:513) ~[netty-resolver-dns-4.1.123.Final.jar:4.1.123.Final]
	at io.netty.util.concurrent.DefaultPromise.notifyListener0(DefaultPromise.java:603) ~[netty-common-4.1.123.Final.jar:4.1.123.Final]
	at io.netty.util.concurrent.DefaultPromise.notifyListeners0(DefaultPromise.java:596) ~[netty-common-4.1.123.Final.jar:4.1.123.Final]
	at io.netty.util.concurrent.DefaultPromise.notifyListenersNow(DefaultPromise.java:572) ~[netty-common-4.1.123.Final.jar:4.1.123.Final]
	at io.netty.util.concurrent.DefaultPromise.notifyListeners(DefaultPromise.java:505) ~[netty-common-4.1.123.Final.jar:4.1.123.Final]
	at io.netty.util.concurrent.DefaultPromise.setValue0(DefaultPromise.java:649) ~[netty-common-4.1.123.Final.jar:4.1.123.Final]
	at io.netty.util.concurrent.DefaultPromise.setSuccess0(DefaultPromise.java:638) ~[netty-common-4.1.123.Final.jar:4.1.123.Final]
	at io.netty.util.concurrent.DefaultPromise.trySuccess(DefaultPromise.java:118) ~[netty-common-4.1.123.Final.jar:4.1.123.Final]
	at io.netty.resolver.dns.DnsQueryContext.trySuccess(DnsQueryContext.java:308) ~[netty-resolver-dns-4.1.123.Final.jar:4.1.123.Final]
	at io.netty.resolver.dns.DnsQueryContext.finishSuccess(DnsQueryContext.java:299) ~[netty-resolver-dns-4.1.123.Final.jar:4.1.123.Final]
	at io.netty.resolver.dns.DnsNameResolver$DnsResponseHandler.channelRead(DnsNameResolver.java:1491) ~[netty-resolver-dns-4.1.123.Final.jar:4.1.123.Final]
	at io.netty.channel.AbstractChannelHandlerContext.invokeChannelRead(AbstractChannelHandlerContext.java:444) ~[netty-transport-4.1.123.Final.jar:4.1.123.Final]
	at io.netty.channel.AbstractChannelHandlerContext.invokeChannelRead(AbstractChannelHandlerContext.java:420) ~[netty-transport-4.1.123.Final.jar:4.1.123.Final]
	at io.netty.channel.AbstractChannelHandlerContext.fireChannelRead(AbstractChannelHandlerContext.java:412) ~[netty-transport-4.1.123.Final.jar:4.1.123.Final]
	at io.netty.handler.codec.MessageToMessageDecoder.channelRead(MessageToMessageDecoder.java:107) ~[netty-codec-4.1.123.Final.jar:4.1.123.Final]
	at io.netty.channel.AbstractChannelHandlerContext.invokeChannelRead(AbstractChannelHandlerContext.java:444) ~[netty-transport-4.1.123.Final.jar:4.1.123.Final]
	at io.netty.channel.AbstractChannelHandlerContext.invokeChannelRead(AbstractChannelHandlerContext.java:420) ~[netty-transport-4.1.123.Final.jar:4.1.123.Final]
	at io.netty.channel.AbstractChannelHandlerContext.fireChannelRead(AbstractChannelHandlerContext.java:412) ~[netty-transport-4.1.123.Final.jar:4.1.123.Final]
	at io.netty.channel.DefaultChannelPipeline$HeadContext.channelRead(DefaultChannelPipeline.java:1357) ~[netty-transport-4.1.123.Final.jar:4.1.123.Final]
	at io.netty.channel.AbstractChannelHandlerContext.invokeChannelRead(AbstractChannelHandlerContext.java:440) ~[netty-transport-4.1.123.Final.jar:4.1.123.Final]
	at io.netty.channel.AbstractChannelHandlerContext.invokeChannelRead(AbstractChannelHandlerContext.java:420) ~[netty-transport-4.1.123.Final.jar:4.1.123.Final]
	at io.netty.channel.DefaultChannelPipeline.fireChannelRead(DefaultChannelPipeline.java:868) ~[netty-transport-4.1.123.Final.jar:4.1.123.Final]
	at io.netty.channel.nio.AbstractNioMessageChannel$NioMessageUnsafe.read(AbstractNioMessageChannel.java:97) ~[netty-transport-4.1.123.Final.jar:4.1.123.Final]
	at io.netty.channel.nio.NioEventLoop.processSelectedKey(NioEventLoop.java:796) ~[netty-transport-4.1.123.Final.jar:4.1.123.Final]
	at io.netty.channel.nio.NioEventLoop.processSelectedKeysOptimized(NioEventLoop.java:732) ~[netty-transport-4.1.123.Final.jar:4.1.123.Final]
	at io.netty.channel.nio.NioEventLoop.processSelectedKeys(NioEventLoop.java:658) ~[netty-transport-4.1.123.Final.jar:4.1.123.Final]
	at io.netty.channel.nio.NioEventLoop.run(NioEventLoop.java:562) ~[netty-transport-4.1.123.Final.jar:4.1.123.Final]
	at io.netty.util.concurrent.SingleThreadEventExecutor$4.run(SingleThreadEventExecutor.java:998) ~[netty-common-4.1.123.Final.jar:4.1.123.Final]
	at io.netty.util.internal.ThreadExecutorMap$2.run(ThreadExecutorMap.java:74) ~[netty-common-4.1.123.Final.jar:4.1.123.Final]
	at io.netty.util.concurrent.FastThreadLocalRunnable.run(FastThreadLocalRunnable.java:30) ~[netty-common-4.1.123.Final.jar:4.1.123.Final]
	... 1 common frames omitted
Caused by: io.netty.resolver.dns.DnsErrorCauseException: Query failed with NXDOMAIN
	at io.netty.resolver.dns.DnsResolveContext.onResponse(..)(Unknown Source) ~[netty-resolver-dns-4.1.123.Final.jar:4.1.123.Final]

2025-08-24T20:25:15.335+09:00  INFO 2488 --- [    Test worker] o.s.mock.web.MockServletContext          : Initializing Spring TestDispatcherServlet ''
2025-08-24T20:25:15.336+09:00  INFO 2488 --- [    Test worker] o.s.t.web.servlet.TestDispatcherServlet  : Initializing Servlet ''
2025-08-24T20:25:15.343+09:00  INFO 2488 --- [    Test worker] o.s.t.web.servlet.TestDispatcherServlet  : Completed initialization in 2 ms
2025-08-24T20:25:15.740+09:00  INFO 2488 --- [    Test worker] c.s.h.c.d.c.c.ChatHistoryController      : 채팅 히스토리 요청: roomId=test-room-001, userId=test-user-001, before=null, limit=50
2025-08-24T20:25:15.760+09:00  INFO 2488 --- [    Test worker] c.s.h.c.d.c.c.ChatHistoryController      : 채팅 히스토리 응답: roomId=test-room-001, count=0, lastMessageId=null, hasMore=false
2025-08-24T20:25:16.240+09:00  INFO 2488 --- [    Test worker] o.s.mock.web.MockServletContext          : Initializing Spring TestDispatcherServlet ''
2025-08-24T20:25:16.240+09:00  INFO 2488 --- [    Test worker] o.s.t.web.servlet.TestDispatcherServlet  : Initializing Servlet ''
2025-08-24T20:25:16.241+09:00  INFO 2488 --- [    Test worker] o.s.t.web.servlet.TestDispatcherServlet  : Completed initialization in 1 ms
2025-08-24T20:25:16.247+09:00  INFO 2488 --- [    Test worker] c.s.h.c.d.c.c.ChatHistoryController      : 채팅 히스토리 요청: roomId=test-room-001, userId=test-user-001, before=null, limit=50
2025-08-24T20:25:16.248+09:00  INFO 2488 --- [    Test worker] c.s.h.c.d.c.c.ChatHistoryController      : 채팅 히스토리 응답: roomId=test-room-001, count=1, lastMessageId=msg001, hasMore=false
2025-08-24T20:25:16.273+09:00  INFO 2488 --- [    Test worker] o.s.mock.web.MockServletContext          : Initializing Spring TestDispatcherServlet ''
2025-08-24T20:25:16.274+09:00  INFO 2488 --- [    Test worker] o.s.t.web.servlet.TestDispatcherServlet  : Initializing Servlet ''
2025-08-24T20:25:16.274+09:00  INFO 2488 --- [    Test worker] o.s.t.web.servlet.TestDispatcherServlet  : Completed initialization in 0 ms
2025-08-24T20:25:16.277+09:00  INFO 2488 --- [    Test worker] c.s.h.c.d.c.c.ChatHistoryController      : 채팅 히스토리 요청: roomId=test-room-001, userId=test-user-001, before=null, limit=10
2025-08-24T20:25:16.280+09:00  INFO 2488 --- [    Test worker] c.s.h.c.d.c.c.ChatHistoryController      : 채팅 히스토리 응답: roomId=test-room-001, count=2, lastMessageId=msg002, hasMore=true
2025-08-24T20:25:16.307+09:00  INFO 2488 --- [    Test worker] o.s.mock.web.MockServletContext          : Initializing Spring TestDispatcherServlet ''
2025-08-24T20:25:16.308+09:00  INFO 2488 --- [    Test worker] o.s.t.web.servlet.TestDispatcherServlet  : Initializing Servlet ''
2025-08-24T20:25:16.309+09:00  INFO 2488 --- [    Test worker] o.s.t.web.servlet.TestDispatcherServlet  : Completed initialization in 1 ms
2025-08-24T20:25:16.309+09:00  INFO 2488 --- [    Test worker] c.s.h.c.d.c.c.ChatHistoryController      : 채팅 히스토리 요청: roomId=test-room-001, userId=test-user, before=null, limit=50
2025-08-24T20:25:16.370+09:00  INFO 2488 --- [    Test worker] o.s.mock.web.MockServletContext          : Initializing Spring TestDispatcherServlet ''
2025-08-24T20:25:16.371+09:00  INFO 2488 --- [    Test worker] o.s.t.web.servlet.TestDispatcherServlet  : Initializing Servlet ''
2025-08-24T20:25:16.371+09:00  INFO 2488 --- [    Test worker] o.s.t.web.servlet.TestDispatcherServlet  : Completed initialization in 0 ms
2025-08-24T20:25:16.373+09:00  INFO 2488 --- [    Test worker] c.s.h.c.d.c.c.ChatHistoryController      : 채팅 히스토리 요청: roomId=test-room-001, userId=test-user-001, before=msg100, limit=25
2025-08-24T20:25:16.373+09:00  INFO 2488 --- [    Test worker] c.s.h.c.d.c.c.ChatHistoryController      : 채팅 히스토리 응답: roomId=test-room-001, count=1, lastMessageId=msg050, hasMore=true
2025-08-24T20:25:16.372+09:00 ERROR 2488 --- [MessageBroker-2] c.s.h.c.d.c.c.MainResponseConsumer       : ? Main 서버 메시지 소비 중 오류

org.springframework.data.redis.RedisConnectionFailureException: Unable to connect to Redis
	at org.springframework.data.redis.connection.lettuce.LettuceConnectionFactory$ExceptionTranslatingConnectionProvider.translateException(LettuceConnectionFactory.java:1866) ~[spring-data-redis-3.5.2.jar:3.5.2]
	at org.springframework.data.redis.connection.lettuce.LettuceConnectionFactory$ExceptionTranslatingConnectionProvider.getConnection(LettuceConnectionFactory.java:1797) ~[spring-data-redis-3.5.2.jar:3.5.2]
	at org.springframework.data.redis.connection.lettuce.LettuceConnectionFactory$SharedConnection.getNativeConnection(LettuceConnectionFactory.java:1594) ~[spring-data-redis-3.5.2.jar:3.5.2]
	at org.springframework.data.redis.connection.lettuce.LettuceConnectionFactory$SharedConnection.lambda$getConnection$0(LettuceConnectionFactory.java:1574) ~[spring-data-redis-3.5.2.jar:3.5.2]
	at org.springframework.data.redis.connection.lettuce.LettuceConnectionFactory.doInLock(LettuceConnectionFactory.java:1535) ~[spring-data-redis-3.5.2.jar:3.5.2]
	at org.springframework.data.redis.connection.lettuce.LettuceConnectionFactory$SharedConnection.getConnection(LettuceConnectionFactory.java:1571) ~[spring-data-redis-3.5.2.jar:3.5.2]
	at org.springframework.data.redis.connection.lettuce.LettuceConnectionFactory.getSharedConnection(LettuceConnectionFactory.java:1257) ~[spring-data-redis-3.5.2.jar:3.5.2]
	at org.springframework.data.redis.connection.lettuce.LettuceConnectionFactory.getConnection(LettuceConnectionFactory.java:1063) ~[spring-data-redis-3.5.2.jar:3.5.2]
	at org.springframework.data.redis.core.RedisConnectionUtils.fetchConnection(RedisConnectionUtils.java:195) ~[spring-data-redis-3.5.2.jar:3.5.2]
	at org.springframework.data.redis.core.RedisConnectionUtils.doGetConnection(RedisConnectionUtils.java:144) ~[spring-data-redis-3.5.2.jar:3.5.2]
	at org.springframework.data.redis.core.RedisConnectionUtils.getConnection(RedisConnectionUtils.java:105) ~[spring-data-redis-3.5.2.jar:3.5.2]
	at org.springframework.data.redis.core.RedisTemplate.execute(RedisTemplate.java:400) ~[spring-data-redis-3.5.2.jar:3.5.2]
	at org.springframework.data.redis.core.RedisTemplate.execute(RedisTemplate.java:380) ~[spring-data-redis-3.5.2.jar:3.5.2]
	at org.springframework.data.redis.core.AbstractOperations.execute(AbstractOperations.java:117) ~[spring-data-redis-3.5.2.jar:3.5.2]
	at org.springframework.data.redis.core.DefaultStreamOperations.read(DefaultStreamOperations.java:275) ~[spring-data-redis-3.5.2.jar:3.5.2]
	at org.springframework.data.redis.core.StreamOperations.read(StreamOperations.java:521) ~[spring-data-redis-3.5.2.jar:3.5.2]
	at com.shinhan.heybob.chat.domain.communication.consumer.MainResponseConsumer.consumeMessages(MainResponseConsumer.java:40) ~[main/:na]
	at java.base/jdk.internal.reflect.NativeMethodAccessorImpl.invoke0(Native Method) ~[na:na]
	at java.base/jdk.internal.reflect.NativeMethodAccessorImpl.invoke(NativeMethodAccessorImpl.java:77) ~[na:na]
	at java.base/jdk.internal.reflect.DelegatingMethodAccessorImpl.invoke(DelegatingMethodAccessorImpl.java:43) ~[na:na]
	at java.base/java.lang.reflect.Method.invoke(Method.java:568) ~[na:na]
	at org.springframework.scheduling.support.ScheduledMethodRunnable.runInternal(ScheduledMethodRunnable.java:130) ~[spring-context-6.2.9.jar:6.2.9]
	at org.springframework.scheduling.support.ScheduledMethodRunnable.lambda$run$2(ScheduledMethodRunnable.java:124) ~[spring-context-6.2.9.jar:6.2.9]
	at io.micrometer.observation.Observation.observe(Observation.java:498) ~[micrometer-observation-1.15.2.jar:1.15.2]
	at org.springframework.scheduling.support.ScheduledMethodRunnable.run(ScheduledMethodRunnable.java:124) ~[spring-context-6.2.9.jar:6.2.9]
	at org.springframework.scheduling.config.Task$OutcomeTrackingRunnable.run(Task.java:85) ~[spring-context-6.2.9.jar:6.2.9]
	at org.springframework.scheduling.support.DelegatingErrorHandlingRunnable.run(DelegatingErrorHandlingRunnable.java:54) ~[spring-context-6.2.9.jar:6.2.9]
	at java.base/java.util.concurrent.Executors$RunnableAdapter.call(Executors.java:539) ~[na:na]
	at java.base/java.util.concurrent.FutureTask.runAndReset(FutureTask.java:305) ~[na:na]
	at java.base/java.util.concurrent.ScheduledThreadPoolExecutor$ScheduledFutureTask.run(ScheduledThreadPoolExecutor.java:305) ~[na:na]
	at java.base/java.util.concurrent.ThreadPoolExecutor.runWorker(ThreadPoolExecutor.java:1136) ~[na:na]
	at java.base/java.util.concurrent.ThreadPoolExecutor$Worker.run(ThreadPoolExecutor.java:635) ~[na:na]
	at java.base/java.lang.Thread.run(Thread.java:842) ~[na:na]
Caused by: io.lettuce.core.RedisConnectionException: Unable to connect to redis/<unresolved>:6379
	at io.lettuce.core.RedisConnectionException.create(RedisConnectionException.java:63) ~[lettuce-core-6.6.0.RELEASE.jar:6.6.0.RELEASE/643bd47]
	at io.lettuce.core.RedisConnectionException.create(RedisConnectionException.java:41) ~[lettuce-core-6.6.0.RELEASE.jar:6.6.0.RELEASE/643bd47]
	at io.lettuce.core.AbstractRedisClient.getConnection(AbstractRedisClient.java:354) ~[lettuce-core-6.6.0.RELEASE.jar:6.6.0.RELEASE/643bd47]
	at io.lettuce.core.RedisClient.connect(RedisClient.java:220) ~[lettuce-core-6.6.0.RELEASE.jar:6.6.0.RELEASE/643bd47]
	at org.springframework.data.redis.connection.lettuce.StandaloneConnectionProvider.lambda$getConnection$1(StandaloneConnectionProvider.java:112) ~[spring-data-redis-3.5.2.jar:3.5.2]
	at java.base/java.util.Optional.orElseGet(Optional.java:364) ~[na:na]
	at org.springframework.data.redis.connection.lettuce.StandaloneConnectionProvider.getConnection(StandaloneConnectionProvider.java:112) ~[spring-data-redis-3.5.2.jar:3.5.2]
	at org.springframework.data.redis.connection.lettuce.LettuceConnectionFactory$ExceptionTranslatingConnectionProvider.getConnection(LettuceConnectionFactory.java:1795) ~[spring-data-redis-3.5.2.jar:3.5.2]
	... 31 common frames omitted
Caused by: java.net.UnknownHostException: Failed to resolve 'redis' [A(1)] after 2 queries 
	at io.netty.resolver.dns.DnsResolveContext.finishResolve(DnsResolveContext.java:1150) ~[netty-resolver-dns-4.1.123.Final.jar:4.1.123.Final]
	at io.netty.resolver.dns.DnsResolveContext.tryToFinishResolve(DnsResolveContext.java:1097) ~[netty-resolver-dns-4.1.123.Final.jar:4.1.123.Final]
	at io.netty.resolver.dns.DnsResolveContext.query(DnsResolveContext.java:455) ~[netty-resolver-dns-4.1.123.Final.jar:4.1.123.Final]
	at io.netty.resolver.dns.DnsResolveContext.onResponse(DnsResolveContext.java:686) ~[netty-resolver-dns-4.1.123.Final.jar:4.1.123.Final]
	at io.netty.resolver.dns.DnsResolveContext.access$500(DnsResolveContext.java:70) ~[netty-resolver-dns-4.1.123.Final.jar:4.1.123.Final]
	at io.netty.resolver.dns.DnsResolveContext$2.operationComplete(DnsResolveContext.java:513) ~[netty-resolver-dns-4.1.123.Final.jar:4.1.123.Final]
	at io.netty.util.concurrent.DefaultPromise.notifyListener0(DefaultPromise.java:603) ~[netty-common-4.1.123.Final.jar:4.1.123.Final]
	at io.netty.util.concurrent.DefaultPromise.notifyListeners0(DefaultPromise.java:596) ~[netty-common-4.1.123.Final.jar:4.1.123.Final]
	at io.netty.util.concurrent.DefaultPromise.notifyListenersNow(DefaultPromise.java:572) ~[netty-common-4.1.123.Final.jar:4.1.123.Final]
	at io.netty.util.concurrent.DefaultPromise.notifyListeners(DefaultPromise.java:505) ~[netty-common-4.1.123.Final.jar:4.1.123.Final]
	at io.netty.util.concurrent.DefaultPromise.setValue0(DefaultPromise.java:649) ~[netty-common-4.1.123.Final.jar:4.1.123.Final]
	at io.netty.util.concurrent.DefaultPromise.setSuccess0(DefaultPromise.java:638) ~[netty-common-4.1.123.Final.jar:4.1.123.Final]
	at io.netty.util.concurrent.DefaultPromise.trySuccess(DefaultPromise.java:118) ~[netty-common-4.1.123.Final.jar:4.1.123.Final]
	at io.netty.resolver.dns.DnsQueryContext.trySuccess(DnsQueryContext.java:308) ~[netty-resolver-dns-4.1.123.Final.jar:4.1.123.Final]
	at io.netty.resolver.dns.DnsQueryContext.finishSuccess(DnsQueryContext.java:299) ~[netty-resolver-dns-4.1.123.Final.jar:4.1.123.Final]
	at io.netty.resolver.dns.DnsNameResolver$DnsResponseHandler.channelRead(DnsNameResolver.java:1491) ~[netty-resolver-dns-4.1.123.Final.jar:4.1.123.Final]
	at io.netty.channel.AbstractChannelHandlerContext.invokeChannelRead(AbstractChannelHandlerContext.java:444) ~[netty-transport-4.1.123.Final.jar:4.1.123.Final]
	at io.netty.channel.AbstractChannelHandlerContext.invokeChannelRead(AbstractChannelHandlerContext.java:420) ~[netty-transport-4.1.123.Final.jar:4.1.123.Final]
	at io.netty.channel.AbstractChannelHandlerContext.fireChannelRead(AbstractChannelHandlerContext.java:412) ~[netty-transport-4.1.123.Final.jar:4.1.123.Final]
	at io.netty.handler.codec.MessageToMessageDecoder.channelRead(MessageToMessageDecoder.java:107) ~[netty-codec-4.1.123.Final.jar:4.1.123.Final]
	at io.netty.channel.AbstractChannelHandlerContext.invokeChannelRead(AbstractChannelHandlerContext.java:444) ~[netty-transport-4.1.123.Final.jar:4.1.123.Final]
	at io.netty.channel.AbstractChannelHandlerContext.invokeChannelRead(AbstractChannelHandlerContext.java:420) ~[netty-transport-4.1.123.Final.jar:4.1.123.Final]
	at io.netty.channel.AbstractChannelHandlerContext.fireChannelRead(AbstractChannelHandlerContext.java:412) ~[netty-transport-4.1.123.Final.jar:4.1.123.Final]
	at io.netty.channel.DefaultChannelPipeline$HeadContext.channelRead(DefaultChannelPipeline.java:1357) ~[netty-transport-4.1.123.Final.jar:4.1.123.Final]
	at io.netty.channel.AbstractChannelHandlerContext.invokeChannelRead(AbstractChannelHandlerContext.java:440) ~[netty-transport-4.1.123.Final.jar:4.1.123.Final]
	at io.netty.channel.AbstractChannelHandlerContext.invokeChannelRead(AbstractChannelHandlerContext.java:420) ~[netty-transport-4.1.123.Final.jar:4.1.123.Final]
	at io.netty.channel.DefaultChannelPipeline.fireChannelRead(DefaultChannelPipeline.java:868) ~[netty-transport-4.1.123.Final.jar:4.1.123.Final]
	at io.netty.channel.nio.AbstractNioMessageChannel$NioMessageUnsafe.read(AbstractNioMessageChannel.java:97) ~[netty-transport-4.1.123.Final.jar:4.1.123.Final]
	at io.netty.channel.nio.NioEventLoop.processSelectedKey(NioEventLoop.java:796) ~[netty-transport-4.1.123.Final.jar:4.1.123.Final]
	at io.netty.channel.nio.NioEventLoop.processSelectedKeysOptimized(NioEventLoop.java:732) ~[netty-transport-4.1.123.Final.jar:4.1.123.Final]
	at io.netty.channel.nio.NioEventLoop.processSelectedKeys(NioEventLoop.java:658) ~[netty-transport-4.1.123.Final.jar:4.1.123.Final]
	at io.netty.channel.nio.NioEventLoop.run(NioEventLoop.java:562) ~[netty-transport-4.1.123.Final.jar:4.1.123.Final]
	at io.netty.util.concurrent.SingleThreadEventExecutor$4.run(SingleThreadEventExecutor.java:998) ~[netty-common-4.1.123.Final.jar:4.1.123.Final]
	at io.netty.util.internal.ThreadExecutorMap$2.run(ThreadExecutorMap.java:74) ~[netty-common-4.1.123.Final.jar:4.1.123.Final]
	at io.netty.util.concurrent.FastThreadLocalRunnable.run(FastThreadLocalRunnable.java:30) ~[netty-common-4.1.123.Final.jar:4.1.123.Final]
	... 1 common frames omitted
Caused by: io.netty.resolver.dns.DnsErrorCauseException: Query failed with NXDOMAIN
	at io.netty.resolver.dns.DnsResolveContext.onResponse(..)(Unknown Source) ~[netty-resolver-dns-4.1.123.Final.jar:4.1.123.Final]

2025-08-24T20:25:16.412+09:00  INFO 2488 --- [    Test worker] o.s.mock.web.MockServletContext          : Initializing Spring TestDispatcherServlet ''
2025-08-24T20:25:16.412+09:00  INFO 2488 --- [    Test worker] o.s.t.web.servlet.TestDispatcherServlet  : Initializing Servlet ''
2025-08-24T20:25:16.412+09:00  INFO 2488 --- [    Test worker] o.s.t.web.servlet.TestDispatcherServlet  : Completed initialization in 0 ms
2025-08-24T20:25:16.415+09:00  INFO 2488 --- [    Test worker] c.s.h.c.d.c.c.ChatHistoryController      : 채팅 히스토리 요청: roomId=test-room-001, userId=test-user-001, before=msg003, limit=50
2025-08-24T20:25:16.415+09:00  INFO 2488 --- [    Test worker] c.s.h.c.d.c.c.ChatHistoryController      : 채팅 히스토리 응답: roomId=test-room-001, count=2, lastMessageId=msg002, hasMore=false
2025-08-24T20:25:16.437+09:00  INFO 2488 --- [    Test worker] o.s.mock.web.MockServletContext          : Initializing Spring TestDispatcherServlet ''
2025-08-24T20:25:16.438+09:00  INFO 2488 --- [    Test worker] o.s.t.web.servlet.TestDispatcherServlet  : Initializing Servlet ''
2025-08-24T20:25:16.438+09:00  INFO 2488 --- [    Test worker] o.s.t.web.servlet.TestDispatcherServlet  : Completed initialization in 0 ms
2025-08-24T20:25:16.447+09:00  INFO 2488 --- [    Test worker] c.s.h.c.d.c.c.ChatHistoryController      : 채팅 히스토리 요청: roomId=test-room-001, userId=test-user-001, before=null, limit=3
2025-08-24T20:25:16.448+09:00  INFO 2488 --- [    Test worker] c.s.h.c.d.c.c.ChatHistoryController      : 채팅 히스토리 응답: roomId=test-room-001, count=3, lastMessageId=msg003, hasMore=true
2025-08-24T20:25:16.465+09:00  INFO 2488 --- [    Test worker] o.s.mock.web.MockServletContext          : Initializing Spring TestDispatcherServlet ''
2025-08-24T20:25:16.465+09:00  INFO 2488 --- [    Test worker] o.s.t.web.servlet.TestDispatcherServlet  : Initializing Servlet ''
2025-08-24T20:25:16.466+09:00  INFO 2488 --- [    Test worker] o.s.t.web.servlet.TestDispatcherServlet  : Completed initialization in 0 ms
2025-08-24T20:25:16.468+09:00  INFO 2488 --- [    Test worker] c.s.h.c.d.c.c.ChatHistoryController      : 채팅 히스토리 요청: roomId=test-room-001, userId=test-user-001, before=null, limit=50
2025-08-24T20:25:16.468+09:00  INFO 2488 --- [    Test worker] c.s.h.c.d.c.c.ChatHistoryController      : 채팅 히스토리 응답: roomId=test-room-001, count=3, lastMessageId=msg003, hasMore=false
2025-08-24T20:25:16.486+09:00  INFO 2488 --- [    Test worker] o.s.mock.web.MockServletContext          : Initializing Spring TestDispatcherServlet ''
2025-08-24T20:25:16.487+09:00  INFO 2488 --- [    Test worker] o.s.t.web.servlet.TestDispatcherServlet  : Initializing Servlet ''
2025-08-24T20:25:16.487+09:00  INFO 2488 --- [    Test worker] o.s.t.web.servlet.TestDispatcherServlet  : Completed initialization in 0 ms
2025-08-24T20:25:16.490+09:00  INFO 2488 --- [    Test worker] c.s.h.c.d.c.c.ChatHistoryController      : 레거시 채팅 히스토리 요청: roomId=test-room-001, userId=test-user-001, before=null, limit=50
2025-08-24T20:25:16.490+09:00  INFO 2488 --- [    Test worker] c.s.h.c.d.c.c.ChatHistoryController      : 레거시 채팅 히스토리 응답: roomId=test-room-001, count=2
2025-08-24T20:25:16.526+09:00  INFO 2488 --- [    Test worker] o.s.mock.web.MockServletContext          : Initializing Spring TestDispatcherServlet ''
2025-08-24T20:25:16.526+09:00  INFO 2488 --- [    Test worker] o.s.t.web.servlet.TestDispatcherServlet  : Initializing Servlet ''
2025-08-24T20:25:16.527+09:00  INFO 2488 --- [    Test worker] o.s.t.web.servlet.TestDispatcherServlet  : Completed initialization in 0 ms
2025-08-24T20:25:16.531+09:00  INFO 2488 --- [    Test worker] c.s.h.c.d.c.c.ChatHistoryController      : 채팅 히스토리 요청: roomId=test-room-001, userId=test-user-001, before=null, limit=50
2025-08-24T20:25:16.532+09:00  INFO 2488 --- [    Test worker] c.s.h.c.d.c.c.ChatHistoryController      : 채팅 히스토리 응답: roomId=test-room-001, count=3, lastMessageId=msg003, hasMore=true
]]></system-out>
  <system-err><![CDATA[]]></system-err>
</testsuite>
