<?xml version="1.0" encoding="UTF-8"?>
<testsuite name="com.shinhan.heybob.chat.domain.chat.controller.ChatHistoryControllerTest" tests="10" skipped="0" failures="1" errors="0" timestamp="2025-08-25T01:27:54.018Z" hostname="DESKTOP-HA97GMI" time="1.559">
  <properties/>
  <testcase name="빈_히스토리_응답()" classname="com.shinhan.heybob.chat.domain.chat.controller.ChatHistoryControllerTest" time="1.308"/>
  <testcase name="hasMore_false_상황_테스트()" classname="com.shinhan.heybob.chat.domain.chat.controller.ChatHistoryControllerTest" time="0.035"/>
  <testcase name="커스텀_limit_파라미터_테스트()" classname="com.shinhan.heybob.chat.domain.chat.controller.ChatHistoryControllerTest" time="0.02"/>
  <testcase name="User_ID_헤더_없을_때_실패()" classname="com.shinhan.heybob.chat.domain.chat.controller.ChatHistoryControllerTest" time="0.038">
    <failure message="java.lang.AssertionError: Status expected:&lt;400&gt; but was:&lt;200&gt;" type="java.lang.AssertionError">java.lang.AssertionError: Status expected:&lt;400&gt; but was:&lt;200&gt;
	at org.springframework.test.util.AssertionErrors.fail(AssertionErrors.java:61)
	at org.springframework.test.util.AssertionErrors.assertEquals(AssertionErrors.java:128)
	at org.springframework.test.web.servlet.result.StatusResultMatchers.lambda$matcher$9(StatusResultMatchers.java:640)
	at org.springframework.test.web.servlet.MockMvc$1.andExpect(MockMvc.java:214)
	at com.shinhan.heybob.chat.domain.chat.controller.ChatHistoryControllerTest.User_ID_헤더_없을_때_실패(ChatHistoryControllerTest.java:237)
	at java.base/java.lang.reflect.Method.invoke(Method.java:568)
	at java.base/java.util.ArrayList.forEach(ArrayList.java:1511)
	at java.base/java.util.ArrayList.forEach(ArrayList.java:1511)
</failure>
  </testcase>
  <testcase name="여러_파라미터_조합_테스트()" classname="com.shinhan.heybob.chat.domain.chat.controller.ChatHistoryControllerTest" time="0.025"/>
  <testcase name="특정_메시지_이전_히스토리_조회_성공()" classname="com.shinhan.heybob.chat.domain.chat.controller.ChatHistoryControllerTest" time="0.02"/>
  <testcase name="hasMore_true_상황_테스트()" classname="com.shinhan.heybob.chat.domain.chat.controller.ChatHistoryControllerTest" time="0.025"/>
  <testcase name="다양한_메시지_타입_응답()" classname="com.shinhan.heybob.chat.domain.chat.controller.ChatHistoryControllerTest" time="0.029"/>
  <testcase name="레거시_API_엔드포인트_테스트()" classname="com.shinhan.heybob.chat.domain.chat.controller.ChatHistoryControllerTest" time="0.028"/>
  <testcase name="초기_채팅_히스토리_조회_성공()" classname="com.shinhan.heybob.chat.domain.chat.controller.ChatHistoryControllerTest" time="0.026"/>
  <system-out><![CDATA[2025-08-25T10:27:54.353+09:00 ERROR 30088 --- [MessageBroker-2] c.s.h.c.d.c.c.MainResponseConsumer       : ? Main 서버 메시지 소비 중 오류

org.springframework.data.redis.RedisConnectionFailureException: Unable to connect to Redis
	at org.springframework.data.redis.connection.lettuce.LettuceConnectionFactory$ExceptionTranslatingConnectionProvider.translateException(LettuceConnectionFactory.java:1866) ~[spring-data-redis-3.5.2.jar:3.5.2]
	at org.springframework.data.redis.connection.lettuce.LettuceConnectionFactory$ExceptionTranslatingConnectionProvider.getConnection(LettuceConnectionFactory.java:1797) ~[spring-data-redis-3.5.2.jar:3.5.2]
	at org.springframework.data.redis.connection.lettuce.LettuceConnectionFactory$SharedConnection.getNativeConnection(LettuceConnectionFactory.java:1594) ~[spring-data-redis-3.5.2.jar:3.5.2]
	at org.springframework.data.redis.connection.lettuce.LettuceConnectionFactory$SharedConnection.lambda$getConnection$0(LettuceConnectionFactory.java:1574) ~[spring-data-redis-3.5.2.jar:3.5.2]
	at org.springframework.data.redis.connection.lettuce.LettuceConnectionFactory.doInLock(LettuceConnectionFactory.java:1535) ~[spring-data-redis-3.5.2.jar:3.5.2]
	at org.springframework.data.redis.connection.lettuce.LettuceConnectionFactory$SharedConnection.getConnection(LettuceConnectionFactory.java:1571) ~[spring-data-redis-3.5.2.jar:3.5.2]
	at org.springframework.data.redis.connection.lettuce.LettuceConnectionFactory.getSharedConnection(LettuceConnectionFactory.java:1257) ~[spring-data-redis-3.5.2.jar:3.5.2]
	at org.springframework.data.redis.connection.lettuce.LettuceConnectionFactory.getConnection(LettuceConnectionFactory.java:1063) ~[spring-data-redis-3.5.2.jar:3.5.2]
	at org.springframework.data.redis.core.RedisConnectionUtils.fetchConnection(RedisConnectionUtils.java:195) ~[spring-data-redis-3.5.2.jar:3.5.2]
	at org.springframework.data.redis.core.RedisConnectionUtils.doGetConnection(RedisConnectionUtils.java:144) ~[spring-data-redis-3.5.2.jar:3.5.2]
	at org.springframework.data.redis.core.RedisConnectionUtils.getConnection(RedisConnectionUtils.java:105) ~[spring-data-redis-3.5.2.jar:3.5.2]
	at org.springframework.data.redis.core.RedisTemplate.execute(RedisTemplate.java:400) ~[spring-data-redis-3.5.2.jar:3.5.2]
	at org.springframework.data.redis.core.RedisTemplate.execute(RedisTemplate.java:380) ~[spring-data-redis-3.5.2.jar:3.5.2]
	at org.springframework.data.redis.core.AbstractOperations.execute(AbstractOperations.java:117) ~[spring-data-redis-3.5.2.jar:3.5.2]
	at org.springframework.data.redis.core.DefaultStreamOperations.read(DefaultStreamOperations.java:275) ~[spring-data-redis-3.5.2.jar:3.5.2]
	at org.springframework.data.redis.core.StreamOperations.read(StreamOperations.java:521) ~[spring-data-redis-3.5.2.jar:3.5.2]
	at com.shinhan.heybob.chat.domain.communication.consumer.MainResponseConsumer.consumeMessages(MainResponseConsumer.java:68) ~[main/:na]
	at java.base/jdk.internal.reflect.NativeMethodAccessorImpl.invoke0(Native Method) ~[na:na]
	at java.base/jdk.internal.reflect.NativeMethodAccessorImpl.invoke(NativeMethodAccessorImpl.java:77) ~[na:na]
	at java.base/jdk.internal.reflect.DelegatingMethodAccessorImpl.invoke(DelegatingMethodAccessorImpl.java:43) ~[na:na]
	at java.base/java.lang.reflect.Method.invoke(Method.java:568) ~[na:na]
	at org.springframework.scheduling.support.ScheduledMethodRunnable.runInternal(ScheduledMethodRunnable.java:130) ~[spring-context-6.2.9.jar:6.2.9]
	at org.springframework.scheduling.support.ScheduledMethodRunnable.lambda$run$2(ScheduledMethodRunnable.java:124) ~[spring-context-6.2.9.jar:6.2.9]
	at io.micrometer.observation.Observation.observe(Observation.java:498) ~[micrometer-observation-1.15.2.jar:1.15.2]
	at org.springframework.scheduling.support.ScheduledMethodRunnable.run(ScheduledMethodRunnable.java:124) ~[spring-context-6.2.9.jar:6.2.9]
	at org.springframework.scheduling.config.Task$OutcomeTrackingRunnable.run(Task.java:85) ~[spring-context-6.2.9.jar:6.2.9]
	at org.springframework.scheduling.support.DelegatingErrorHandlingRunnable.run(DelegatingErrorHandlingRunnable.java:54) ~[spring-context-6.2.9.jar:6.2.9]
	at java.base/java.util.concurrent.Executors$RunnableAdapter.call(Executors.java:539) ~[na:na]
	at java.base/java.util.concurrent.FutureTask.runAndReset(FutureTask.java:305) ~[na:na]
	at java.base/java.util.concurrent.ScheduledThreadPoolExecutor$ScheduledFutureTask.run(ScheduledThreadPoolExecutor.java:305) ~[na:na]
	at java.base/java.util.concurrent.ThreadPoolExecutor.runWorker(ThreadPoolExecutor.java:1136) ~[na:na]
	at java.base/java.util.concurrent.ThreadPoolExecutor$Worker.run(ThreadPoolExecutor.java:635) ~[na:na]
	at java.base/java.lang.Thread.run(Thread.java:842) ~[na:na]
Caused by: io.lettuce.core.RedisConnectionException: Unable to connect to redis/<unresolved>:6379
	at io.lettuce.core.RedisConnectionException.create(RedisConnectionException.java:63) ~[lettuce-core-6.6.0.RELEASE.jar:6.6.0.RELEASE/643bd47]
	at io.lettuce.core.RedisConnectionException.create(RedisConnectionException.java:41) ~[lettuce-core-6.6.0.RELEASE.jar:6.6.0.RELEASE/643bd47]
	at io.lettuce.core.AbstractRedisClient.getConnection(AbstractRedisClient.java:354) ~[lettuce-core-6.6.0.RELEASE.jar:6.6.0.RELEASE/643bd47]
	at io.lettuce.core.RedisClient.connect(RedisClient.java:220) ~[lettuce-core-6.6.0.RELEASE.jar:6.6.0.RELEASE/643bd47]
	at org.springframework.data.redis.connection.lettuce.StandaloneConnectionProvider.lambda$getConnection$1(StandaloneConnectionProvider.java:112) ~[spring-data-redis-3.5.2.jar:3.5.2]
	at java.base/java.util.Optional.orElseGet(Optional.java:364) ~[na:na]
	at org.springframework.data.redis.connection.lettuce.StandaloneConnectionProvider.getConnection(StandaloneConnectionProvider.java:112) ~[spring-data-redis-3.5.2.jar:3.5.2]
	at org.springframework.data.redis.connection.lettuce.LettuceConnectionFactory$ExceptionTranslatingConnectionProvider.getConnection(LettuceConnectionFactory.java:1795) ~[spring-data-redis-3.5.2.jar:3.5.2]
	... 31 common frames omitted
Caused by: java.net.UnknownHostException: Failed to resolve 'redis' [A(1)] after 2 queries 
	at io.netty.resolver.dns.DnsResolveContext.finishResolve(DnsResolveContext.java:1150) ~[netty-resolver-dns-4.1.123.Final.jar:4.1.123.Final]
	at io.netty.resolver.dns.DnsResolveContext.tryToFinishResolve(DnsResolveContext.java:1097) ~[netty-resolver-dns-4.1.123.Final.jar:4.1.123.Final]
	at io.netty.resolver.dns.DnsResolveContext.query(DnsResolveContext.java:455) ~[netty-resolver-dns-4.1.123.Final.jar:4.1.123.Final]
	at io.netty.resolver.dns.DnsResolveContext.onResponse(DnsResolveContext.java:686) ~[netty-resolver-dns-4.1.123.Final.jar:4.1.123.Final]
	at io.netty.resolver.dns.DnsResolveContext.access$500(DnsResolveContext.java:70) ~[netty-resolver-dns-4.1.123.Final.jar:4.1.123.Final]
	at io.netty.resolver.dns.DnsResolveContext$2.operationComplete(DnsResolveContext.java:513) ~[netty-resolver-dns-4.1.123.Final.jar:4.1.123.Final]
	at io.netty.util.concurrent.DefaultPromise.notifyListener0(DefaultPromise.java:603) ~[netty-common-4.1.123.Final.jar:4.1.123.Final]
	at io.netty.util.concurrent.DefaultPromise.notifyListeners0(DefaultPromise.java:596) ~[netty-common-4.1.123.Final.jar:4.1.123.Final]
	at io.netty.util.concurrent.DefaultPromise.notifyListenersNow(DefaultPromise.java:572) ~[netty-common-4.1.123.Final.jar:4.1.123.Final]
	at io.netty.util.concurrent.DefaultPromise.notifyListeners(DefaultPromise.java:505) ~[netty-common-4.1.123.Final.jar:4.1.123.Final]
	at io.netty.util.concurrent.DefaultPromise.setValue0(DefaultPromise.java:649) ~[netty-common-4.1.123.Final.jar:4.1.123.Final]
	at io.netty.util.concurrent.DefaultPromise.setSuccess0(DefaultPromise.java:638) ~[netty-common-4.1.123.Final.jar:4.1.123.Final]
	at io.netty.util.concurrent.DefaultPromise.trySuccess(DefaultPromise.java:118) ~[netty-common-4.1.123.Final.jar:4.1.123.Final]
	at io.netty.resolver.dns.DnsQueryContext.trySuccess(DnsQueryContext.java:308) ~[netty-resolver-dns-4.1.123.Final.jar:4.1.123.Final]
	at io.netty.resolver.dns.DnsQueryContext.finishSuccess(DnsQueryContext.java:299) ~[netty-resolver-dns-4.1.123.Final.jar:4.1.123.Final]
	at io.netty.resolver.dns.DnsNameResolver$DnsResponseHandler.channelRead(DnsNameResolver.java:1491) ~[netty-resolver-dns-4.1.123.Final.jar:4.1.123.Final]
	at io.netty.channel.AbstractChannelHandlerContext.invokeChannelRead(AbstractChannelHandlerContext.java:444) ~[netty-transport-4.1.123.Final.jar:4.1.123.Final]
	at io.netty.channel.AbstractChannelHandlerContext.invokeChannelRead(AbstractChannelHandlerContext.java:420) ~[netty-transport-4.1.123.Final.jar:4.1.123.Final]
	at io.netty.channel.AbstractChannelHandlerContext.fireChannelRead(AbstractChannelHandlerContext.java:412) ~[netty-transport-4.1.123.Final.jar:4.1.123.Final]
	at io.netty.handler.codec.MessageToMessageDecoder.channelRead(MessageToMessageDecoder.java:107) ~[netty-codec-4.1.123.Final.jar:4.1.123.Final]
	at io.netty.channel.AbstractChannelHandlerContext.invokeChannelRead(AbstractChannelHandlerContext.java:444) ~[netty-transport-4.1.123.Final.jar:4.1.123.Final]
	at io.netty.channel.AbstractChannelHandlerContext.invokeChannelRead(AbstractChannelHandlerContext.java:420) ~[netty-transport-4.1.123.Final.jar:4.1.123.Final]
	at io.netty.channel.AbstractChannelHandlerContext.fireChannelRead(AbstractChannelHandlerContext.java:412) ~[netty-transport-4.1.123.Final.jar:4.1.123.Final]
	at io.netty.channel.DefaultChannelPipeline$HeadContext.channelRead(DefaultChannelPipeline.java:1357) ~[netty-transport-4.1.123.Final.jar:4.1.123.Final]
	at io.netty.channel.AbstractChannelHandlerContext.invokeChannelRead(AbstractChannelHandlerContext.java:440) ~[netty-transport-4.1.123.Final.jar:4.1.123.Final]
	at io.netty.channel.AbstractChannelHandlerContext.invokeChannelRead(AbstractChannelHandlerContext.java:420) ~[netty-transport-4.1.123.Final.jar:4.1.123.Final]
	at io.netty.channel.DefaultChannelPipeline.fireChannelRead(DefaultChannelPipeline.java:868) ~[netty-transport-4.1.123.Final.jar:4.1.123.Final]
	at io.netty.channel.nio.AbstractNioMessageChannel$NioMessageUnsafe.read(AbstractNioMessageChannel.java:97) ~[netty-transport-4.1.123.Final.jar:4.1.123.Final]
	at io.netty.channel.nio.NioEventLoop.processSelectedKey(NioEventLoop.java:796) ~[netty-transport-4.1.123.Final.jar:4.1.123.Final]
	at io.netty.channel.nio.NioEventLoop.processSelectedKeysOptimized(NioEventLoop.java:732) ~[netty-transport-4.1.123.Final.jar:4.1.123.Final]
	at io.netty.channel.nio.NioEventLoop.processSelectedKeys(NioEventLoop.java:658) ~[netty-transport-4.1.123.Final.jar:4.1.123.Final]
	at io.netty.channel.nio.NioEventLoop.run(NioEventLoop.java:562) ~[netty-transport-4.1.123.Final.jar:4.1.123.Final]
	at io.netty.util.concurrent.SingleThreadEventExecutor$4.run(SingleThreadEventExecutor.java:998) ~[netty-common-4.1.123.Final.jar:4.1.123.Final]
	at io.netty.util.internal.ThreadExecutorMap$2.run(ThreadExecutorMap.java:74) ~[netty-common-4.1.123.Final.jar:4.1.123.Final]
	at io.netty.util.concurrent.FastThreadLocalRunnable.run(FastThreadLocalRunnable.java:30) ~[netty-common-4.1.123.Final.jar:4.1.123.Final]
	... 1 common frames omitted
Caused by: io.netty.resolver.dns.DnsErrorCauseException: Query failed with NXDOMAIN
	at io.netty.resolver.dns.DnsResolveContext.onResponse(..)(Unknown Source) ~[netty-resolver-dns-4.1.123.Final.jar:4.1.123.Final]

2025-08-25T10:27:54.602+09:00  INFO 30088 --- [    Test worker] o.s.mock.web.MockServletContext          : Initializing Spring TestDispatcherServlet ''
2025-08-25T10:27:54.602+09:00  INFO 30088 --- [    Test worker] o.s.t.web.servlet.TestDispatcherServlet  : Initializing Servlet ''
2025-08-25T10:27:54.608+09:00  INFO 30088 --- [    Test worker] o.s.t.web.servlet.TestDispatcherServlet  : Completed initialization in 2 ms
2025-08-25T10:27:54.945+09:00  INFO 30088 --- [    Test worker] c.s.h.c.d.c.c.ChatHistoryController      : 채팅 히스토리 요청: roomId=test-room-001, userId=test-user-001, before=null, limit=50
2025-08-25T10:27:54.958+09:00  INFO 30088 --- [    Test worker] c.s.h.c.d.c.c.ChatHistoryController      : 채팅 히스토리 응답: roomId=test-room-001, count=0, lastMessageId=null, hasMore=false
2025-08-25T10:27:55.342+09:00  INFO 30088 --- [    Test worker] o.s.mock.web.MockServletContext          : Initializing Spring TestDispatcherServlet ''
2025-08-25T10:27:55.342+09:00  INFO 30088 --- [    Test worker] o.s.t.web.servlet.TestDispatcherServlet  : Initializing Servlet ''
2025-08-25T10:27:55.343+09:00  INFO 30088 --- [    Test worker] o.s.t.web.servlet.TestDispatcherServlet  : Completed initialization in 1 ms
2025-08-25T10:27:55.349+09:00  INFO 30088 --- [    Test worker] c.s.h.c.d.c.c.ChatHistoryController      : 채팅 히스토리 요청: roomId=test-room-001, userId=test-user-001, before=null, limit=50
2025-08-25T10:27:55.349+09:00  INFO 30088 --- [    Test worker] c.s.h.c.d.c.c.ChatHistoryController      : 채팅 히스토리 응답: roomId=test-room-001, count=1, lastMessageId=msg001, hasMore=false
2025-08-25T10:27:55.375+09:00  INFO 30088 --- [    Test worker] o.s.mock.web.MockServletContext          : Initializing Spring TestDispatcherServlet ''
2025-08-25T10:27:55.376+09:00  INFO 30088 --- [    Test worker] o.s.t.web.servlet.TestDispatcherServlet  : Initializing Servlet ''
2025-08-25T10:27:55.376+09:00  INFO 30088 --- [    Test worker] o.s.t.web.servlet.TestDispatcherServlet  : Completed initialization in 0 ms
2025-08-25T10:27:55.377+09:00  INFO 30088 --- [    Test worker] c.s.h.c.d.c.c.ChatHistoryController      : 채팅 히스토리 요청: roomId=test-room-001, userId=test-user-001, before=null, limit=10
2025-08-25T10:27:55.377+09:00  INFO 30088 --- [    Test worker] c.s.h.c.d.c.c.ChatHistoryController      : 채팅 히스토리 응답: roomId=test-room-001, count=2, lastMessageId=msg002, hasMore=true
2025-08-25T10:27:55.380+09:00 ERROR 30088 --- [MessageBroker-1] c.s.h.c.d.c.c.MainResponseConsumer       : ? Main 서버 메시지 소비 중 오류

org.springframework.data.redis.RedisConnectionFailureException: Unable to connect to Redis
	at org.springframework.data.redis.connection.lettuce.LettuceConnectionFactory$ExceptionTranslatingConnectionProvider.translateException(LettuceConnectionFactory.java:1866) ~[spring-data-redis-3.5.2.jar:3.5.2]
	at org.springframework.data.redis.connection.lettuce.LettuceConnectionFactory$ExceptionTranslatingConnectionProvider.getConnection(LettuceConnectionFactory.java:1797) ~[spring-data-redis-3.5.2.jar:3.5.2]
	at org.springframework.data.redis.connection.lettuce.LettuceConnectionFactory$SharedConnection.getNativeConnection(LettuceConnectionFactory.java:1594) ~[spring-data-redis-3.5.2.jar:3.5.2]
	at org.springframework.data.redis.connection.lettuce.LettuceConnectionFactory$SharedConnection.lambda$getConnection$0(LettuceConnectionFactory.java:1574) ~[spring-data-redis-3.5.2.jar:3.5.2]
	at org.springframework.data.redis.connection.lettuce.LettuceConnectionFactory.doInLock(LettuceConnectionFactory.java:1535) ~[spring-data-redis-3.5.2.jar:3.5.2]
	at org.springframework.data.redis.connection.lettuce.LettuceConnectionFactory$SharedConnection.getConnection(LettuceConnectionFactory.java:1571) ~[spring-data-redis-3.5.2.jar:3.5.2]
	at org.springframework.data.redis.connection.lettuce.LettuceConnectionFactory.getSharedConnection(LettuceConnectionFactory.java:1257) ~[spring-data-redis-3.5.2.jar:3.5.2]
	at org.springframework.data.redis.connection.lettuce.LettuceConnectionFactory.getConnection(LettuceConnectionFactory.java:1063) ~[spring-data-redis-3.5.2.jar:3.5.2]
	at org.springframework.data.redis.core.RedisConnectionUtils.fetchConnection(RedisConnectionUtils.java:195) ~[spring-data-redis-3.5.2.jar:3.5.2]
	at org.springframework.data.redis.core.RedisConnectionUtils.doGetConnection(RedisConnectionUtils.java:144) ~[spring-data-redis-3.5.2.jar:3.5.2]
	at org.springframework.data.redis.core.RedisConnectionUtils.getConnection(RedisConnectionUtils.java:105) ~[spring-data-redis-3.5.2.jar:3.5.2]
	at org.springframework.data.redis.core.RedisTemplate.execute(RedisTemplate.java:400) ~[spring-data-redis-3.5.2.jar:3.5.2]
	at org.springframework.data.redis.core.RedisTemplate.execute(RedisTemplate.java:380) ~[spring-data-redis-3.5.2.jar:3.5.2]
	at org.springframework.data.redis.core.AbstractOperations.execute(AbstractOperations.java:117) ~[spring-data-redis-3.5.2.jar:3.5.2]
	at org.springframework.data.redis.core.DefaultStreamOperations.read(DefaultStreamOperations.java:275) ~[spring-data-redis-3.5.2.jar:3.5.2]
	at org.springframework.data.redis.core.StreamOperations.read(StreamOperations.java:521) ~[spring-data-redis-3.5.2.jar:3.5.2]
	at com.shinhan.heybob.chat.domain.communication.consumer.MainResponseConsumer.consumeMessages(MainResponseConsumer.java:68) ~[main/:na]
	at java.base/jdk.internal.reflect.NativeMethodAccessorImpl.invoke0(Native Method) ~[na:na]
	at java.base/jdk.internal.reflect.NativeMethodAccessorImpl.invoke(NativeMethodAccessorImpl.java:77) ~[na:na]
	at java.base/jdk.internal.reflect.DelegatingMethodAccessorImpl.invoke(DelegatingMethodAccessorImpl.java:43) ~[na:na]
	at java.base/java.lang.reflect.Method.invoke(Method.java:568) ~[na:na]
	at org.springframework.scheduling.support.ScheduledMethodRunnable.runInternal(ScheduledMethodRunnable.java:130) ~[spring-context-6.2.9.jar:6.2.9]
	at org.springframework.scheduling.support.ScheduledMethodRunnable.lambda$run$2(ScheduledMethodRunnable.java:124) ~[spring-context-6.2.9.jar:6.2.9]
	at io.micrometer.observation.Observation.observe(Observation.java:498) ~[micrometer-observation-1.15.2.jar:1.15.2]
	at org.springframework.scheduling.support.ScheduledMethodRunnable.run(ScheduledMethodRunnable.java:124) ~[spring-context-6.2.9.jar:6.2.9]
	at org.springframework.scheduling.config.Task$OutcomeTrackingRunnable.run(Task.java:85) ~[spring-context-6.2.9.jar:6.2.9]
	at org.springframework.scheduling.support.DelegatingErrorHandlingRunnable.run(DelegatingErrorHandlingRunnable.java:54) ~[spring-context-6.2.9.jar:6.2.9]
	at java.base/java.util.concurrent.Executors$RunnableAdapter.call(Executors.java:539) ~[na:na]
	at java.base/java.util.concurrent.FutureTask.runAndReset(FutureTask.java:305) ~[na:na]
	at java.base/java.util.concurrent.ScheduledThreadPoolExecutor$ScheduledFutureTask.run(ScheduledThreadPoolExecutor.java:305) ~[na:na]
	at java.base/java.util.concurrent.ThreadPoolExecutor.runWorker(ThreadPoolExecutor.java:1136) ~[na:na]
	at java.base/java.util.concurrent.ThreadPoolExecutor$Worker.run(ThreadPoolExecutor.java:635) ~[na:na]
	at java.base/java.lang.Thread.run(Thread.java:842) ~[na:na]
Caused by: io.lettuce.core.RedisConnectionException: Unable to connect to redis/<unresolved>:6379
	at io.lettuce.core.RedisConnectionException.create(RedisConnectionException.java:63) ~[lettuce-core-6.6.0.RELEASE.jar:6.6.0.RELEASE/643bd47]
	at io.lettuce.core.RedisConnectionException.create(RedisConnectionException.java:41) ~[lettuce-core-6.6.0.RELEASE.jar:6.6.0.RELEASE/643bd47]
	at io.lettuce.core.AbstractRedisClient.getConnection(AbstractRedisClient.java:354) ~[lettuce-core-6.6.0.RELEASE.jar:6.6.0.RELEASE/643bd47]
	at io.lettuce.core.RedisClient.connect(RedisClient.java:220) ~[lettuce-core-6.6.0.RELEASE.jar:6.6.0.RELEASE/643bd47]
	at org.springframework.data.redis.connection.lettuce.StandaloneConnectionProvider.lambda$getConnection$1(StandaloneConnectionProvider.java:112) ~[spring-data-redis-3.5.2.jar:3.5.2]
	at java.base/java.util.Optional.orElseGet(Optional.java:364) ~[na:na]
	at org.springframework.data.redis.connection.lettuce.StandaloneConnectionProvider.getConnection(StandaloneConnectionProvider.java:112) ~[spring-data-redis-3.5.2.jar:3.5.2]
	at org.springframework.data.redis.connection.lettuce.LettuceConnectionFactory$ExceptionTranslatingConnectionProvider.getConnection(LettuceConnectionFactory.java:1795) ~[spring-data-redis-3.5.2.jar:3.5.2]
	... 31 common frames omitted
Caused by: java.net.UnknownHostException: Failed to resolve 'redis' [A(1)] after 2 queries 
	at io.netty.resolver.dns.DnsResolveContext.finishResolve(DnsResolveContext.java:1150) ~[netty-resolver-dns-4.1.123.Final.jar:4.1.123.Final]
	at io.netty.resolver.dns.DnsResolveContext.tryToFinishResolve(DnsResolveContext.java:1097) ~[netty-resolver-dns-4.1.123.Final.jar:4.1.123.Final]
	at io.netty.resolver.dns.DnsResolveContext.query(DnsResolveContext.java:455) ~[netty-resolver-dns-4.1.123.Final.jar:4.1.123.Final]
	at io.netty.resolver.dns.DnsResolveContext.onResponse(DnsResolveContext.java:686) ~[netty-resolver-dns-4.1.123.Final.jar:4.1.123.Final]
	at io.netty.resolver.dns.DnsResolveContext.access$500(DnsResolveContext.java:70) ~[netty-resolver-dns-4.1.123.Final.jar:4.1.123.Final]
	at io.netty.resolver.dns.DnsResolveContext$2.operationComplete(DnsResolveContext.java:513) ~[netty-resolver-dns-4.1.123.Final.jar:4.1.123.Final]
	at io.netty.util.concurrent.DefaultPromise.notifyListener0(DefaultPromise.java:603) ~[netty-common-4.1.123.Final.jar:4.1.123.Final]
	at io.netty.util.concurrent.DefaultPromise.notifyListeners0(DefaultPromise.java:596) ~[netty-common-4.1.123.Final.jar:4.1.123.Final]
	at io.netty.util.concurrent.DefaultPromise.notifyListenersNow(DefaultPromise.java:572) ~[netty-common-4.1.123.Final.jar:4.1.123.Final]
	at io.netty.util.concurrent.DefaultPromise.notifyListeners(DefaultPromise.java:505) ~[netty-common-4.1.123.Final.jar:4.1.123.Final]
	at io.netty.util.concurrent.DefaultPromise.setValue0(DefaultPromise.java:649) ~[netty-common-4.1.123.Final.jar:4.1.123.Final]
	at io.netty.util.concurrent.DefaultPromise.setSuccess0(DefaultPromise.java:638) ~[netty-common-4.1.123.Final.jar:4.1.123.Final]
	at io.netty.util.concurrent.DefaultPromise.trySuccess(DefaultPromise.java:118) ~[netty-common-4.1.123.Final.jar:4.1.123.Final]
	at io.netty.resolver.dns.DnsQueryContext.trySuccess(DnsQueryContext.java:308) ~[netty-resolver-dns-4.1.123.Final.jar:4.1.123.Final]
	at io.netty.resolver.dns.DnsQueryContext.finishSuccess(DnsQueryContext.java:299) ~[netty-resolver-dns-4.1.123.Final.jar:4.1.123.Final]
	at io.netty.resolver.dns.DnsNameResolver$DnsResponseHandler.channelRead(DnsNameResolver.java:1491) ~[netty-resolver-dns-4.1.123.Final.jar:4.1.123.Final]
	at io.netty.channel.AbstractChannelHandlerContext.invokeChannelRead(AbstractChannelHandlerContext.java:444) ~[netty-transport-4.1.123.Final.jar:4.1.123.Final]
	at io.netty.channel.AbstractChannelHandlerContext.invokeChannelRead(AbstractChannelHandlerContext.java:420) ~[netty-transport-4.1.123.Final.jar:4.1.123.Final]
	at io.netty.channel.AbstractChannelHandlerContext.fireChannelRead(AbstractChannelHandlerContext.java:412) ~[netty-transport-4.1.123.Final.jar:4.1.123.Final]
	at io.netty.handler.codec.MessageToMessageDecoder.channelRead(MessageToMessageDecoder.java:107) ~[netty-codec-4.1.123.Final.jar:4.1.123.Final]
	at io.netty.channel.AbstractChannelHandlerContext.invokeChannelRead(AbstractChannelHandlerContext.java:444) ~[netty-transport-4.1.123.Final.jar:4.1.123.Final]
	at io.netty.channel.AbstractChannelHandlerContext.invokeChannelRead(AbstractChannelHandlerContext.java:420) ~[netty-transport-4.1.123.Final.jar:4.1.123.Final]
	at io.netty.channel.AbstractChannelHandlerContext.fireChannelRead(AbstractChannelHandlerContext.java:412) ~[netty-transport-4.1.123.Final.jar:4.1.123.Final]
	at io.netty.channel.DefaultChannelPipeline$HeadContext.channelRead(DefaultChannelPipeline.java:1357) ~[netty-transport-4.1.123.Final.jar:4.1.123.Final]
	at io.netty.channel.AbstractChannelHandlerContext.invokeChannelRead(AbstractChannelHandlerContext.java:440) ~[netty-transport-4.1.123.Final.jar:4.1.123.Final]
	at io.netty.channel.AbstractChannelHandlerContext.invokeChannelRead(AbstractChannelHandlerContext.java:420) ~[netty-transport-4.1.123.Final.jar:4.1.123.Final]
	at io.netty.channel.DefaultChannelPipeline.fireChannelRead(DefaultChannelPipeline.java:868) ~[netty-transport-4.1.123.Final.jar:4.1.123.Final]
	at io.netty.channel.nio.AbstractNioMessageChannel$NioMessageUnsafe.read(AbstractNioMessageChannel.java:97) ~[netty-transport-4.1.123.Final.jar:4.1.123.Final]
	at io.netty.channel.nio.NioEventLoop.processSelectedKey(NioEventLoop.java:796) ~[netty-transport-4.1.123.Final.jar:4.1.123.Final]
	at io.netty.channel.nio.NioEventLoop.processSelectedKeysOptimized(NioEventLoop.java:732) ~[netty-transport-4.1.123.Final.jar:4.1.123.Final]
	at io.netty.channel.nio.NioEventLoop.processSelectedKeys(NioEventLoop.java:658) ~[netty-transport-4.1.123.Final.jar:4.1.123.Final]
	at io.netty.channel.nio.NioEventLoop.run(NioEventLoop.java:562) ~[netty-transport-4.1.123.Final.jar:4.1.123.Final]
	at io.netty.util.concurrent.SingleThreadEventExecutor$4.run(SingleThreadEventExecutor.java:998) ~[netty-common-4.1.123.Final.jar:4.1.123.Final]
	at io.netty.util.internal.ThreadExecutorMap$2.run(ThreadExecutorMap.java:74) ~[netty-common-4.1.123.Final.jar:4.1.123.Final]
	at io.netty.util.concurrent.FastThreadLocalRunnable.run(FastThreadLocalRunnable.java:30) ~[netty-common-4.1.123.Final.jar:4.1.123.Final]
	... 1 common frames omitted
Caused by: io.netty.resolver.dns.DnsErrorCauseException: Query failed with NXDOMAIN
	at io.netty.resolver.dns.DnsResolveContext.onResponse(..)(Unknown Source) ~[netty-resolver-dns-4.1.123.Final.jar:4.1.123.Final]

2025-08-25T10:27:55.394+09:00  INFO 30088 --- [    Test worker] o.s.mock.web.MockServletContext          : Initializing Spring TestDispatcherServlet ''
2025-08-25T10:27:55.395+09:00  INFO 30088 --- [    Test worker] o.s.t.web.servlet.TestDispatcherServlet  : Initializing Servlet ''
2025-08-25T10:27:55.395+09:00  INFO 30088 --- [    Test worker] o.s.t.web.servlet.TestDispatcherServlet  : Completed initialization in 0 ms
2025-08-25T10:27:55.396+09:00  INFO 30088 --- [    Test worker] c.s.h.c.d.c.c.ChatHistoryController      : 채팅 히스토리 요청: roomId=test-room-001, userId=test-user, before=null, limit=50
2025-08-25T10:27:55.397+09:00  WARN 30088 --- [    Test worker] c.s.h.c.d.c.c.ChatHistoryController      : 채팅 히스토리가 null로 반환됨: roomId=test-room-001
2025-08-25T10:27:55.397+09:00  INFO 30088 --- [    Test worker] c.s.h.c.d.c.c.ChatHistoryController      : 채팅 히스토리 응답: roomId=test-room-001, count=0, lastMessageId=null, hasMore=false
2025-08-25T10:27:55.435+09:00  INFO 30088 --- [    Test worker] o.s.mock.web.MockServletContext          : Initializing Spring TestDispatcherServlet ''
2025-08-25T10:27:55.435+09:00  INFO 30088 --- [    Test worker] o.s.t.web.servlet.TestDispatcherServlet  : Initializing Servlet ''
2025-08-25T10:27:55.436+09:00  INFO 30088 --- [    Test worker] o.s.t.web.servlet.TestDispatcherServlet  : Completed initialization in 1 ms
2025-08-25T10:27:55.437+09:00  INFO 30088 --- [    Test worker] c.s.h.c.d.c.c.ChatHistoryController      : 채팅 히스토리 요청: roomId=test-room-001, userId=test-user-001, before=msg100, limit=25
2025-08-25T10:27:55.438+09:00  INFO 30088 --- [    Test worker] c.s.h.c.d.c.c.ChatHistoryController      : 채팅 히스토리 응답: roomId=test-room-001, count=1, lastMessageId=msg050, hasMore=true
2025-08-25T10:27:55.460+09:00  INFO 30088 --- [    Test worker] o.s.mock.web.MockServletContext          : Initializing Spring TestDispatcherServlet ''
2025-08-25T10:27:55.461+09:00  INFO 30088 --- [    Test worker] o.s.t.web.servlet.TestDispatcherServlet  : Initializing Servlet ''
2025-08-25T10:27:55.461+09:00  INFO 30088 --- [    Test worker] o.s.t.web.servlet.TestDispatcherServlet  : Completed initialization in 0 ms
2025-08-25T10:27:55.464+09:00  INFO 30088 --- [    Test worker] c.s.h.c.d.c.c.ChatHistoryController      : 채팅 히스토리 요청: roomId=test-room-001, userId=test-user-001, before=msg003, limit=50
2025-08-25T10:27:55.464+09:00  INFO 30088 --- [    Test worker] c.s.h.c.d.c.c.ChatHistoryController      : 채팅 히스토리 응답: roomId=test-room-001, count=2, lastMessageId=msg002, hasMore=false
2025-08-25T10:27:55.480+09:00  INFO 30088 --- [    Test worker] o.s.mock.web.MockServletContext          : Initializing Spring TestDispatcherServlet ''
2025-08-25T10:27:55.481+09:00  INFO 30088 --- [    Test worker] o.s.t.web.servlet.TestDispatcherServlet  : Initializing Servlet ''
2025-08-25T10:27:55.481+09:00  INFO 30088 --- [    Test worker] o.s.t.web.servlet.TestDispatcherServlet  : Completed initialization in 0 ms
2025-08-25T10:27:55.486+09:00  INFO 30088 --- [    Test worker] c.s.h.c.d.c.c.ChatHistoryController      : 채팅 히스토리 요청: roomId=test-room-001, userId=test-user-001, before=null, limit=3
2025-08-25T10:27:55.487+09:00  INFO 30088 --- [    Test worker] c.s.h.c.d.c.c.ChatHistoryController      : 채팅 히스토리 응답: roomId=test-room-001, count=3, lastMessageId=msg003, hasMore=true
2025-08-25T10:27:55.511+09:00  INFO 30088 --- [    Test worker] o.s.mock.web.MockServletContext          : Initializing Spring TestDispatcherServlet ''
2025-08-25T10:27:55.512+09:00  INFO 30088 --- [    Test worker] o.s.t.web.servlet.TestDispatcherServlet  : Initializing Servlet ''
2025-08-25T10:27:55.512+09:00  INFO 30088 --- [    Test worker] o.s.t.web.servlet.TestDispatcherServlet  : Completed initialization in 0 ms
2025-08-25T10:27:55.515+09:00  INFO 30088 --- [    Test worker] c.s.h.c.d.c.c.ChatHistoryController      : 채팅 히스토리 요청: roomId=test-room-001, userId=test-user-001, before=null, limit=50
2025-08-25T10:27:55.515+09:00  INFO 30088 --- [    Test worker] c.s.h.c.d.c.c.ChatHistoryController      : 채팅 히스토리 응답: roomId=test-room-001, count=3, lastMessageId=msg003, hasMore=false
2025-08-25T10:27:55.534+09:00  INFO 30088 --- [    Test worker] o.s.mock.web.MockServletContext          : Initializing Spring TestDispatcherServlet ''
2025-08-25T10:27:55.534+09:00  INFO 30088 --- [    Test worker] o.s.t.web.servlet.TestDispatcherServlet  : Initializing Servlet ''
2025-08-25T10:27:55.534+09:00  INFO 30088 --- [    Test worker] o.s.t.web.servlet.TestDispatcherServlet  : Completed initialization in 0 ms
2025-08-25T10:27:55.536+09:00  INFO 30088 --- [    Test worker] c.s.h.c.d.c.c.ChatHistoryController      : 레거시 채팅 히스토리 요청: roomId=test-room-001, userId=test-user-001, before=null, limit=50
2025-08-25T10:27:55.536+09:00  INFO 30088 --- [    Test worker] c.s.h.c.d.c.c.ChatHistoryController      : 레거시 채팅 히스토리 응답: roomId=test-room-001, count=2
2025-08-25T10:27:55.563+09:00  INFO 30088 --- [    Test worker] o.s.mock.web.MockServletContext          : Initializing Spring TestDispatcherServlet ''
2025-08-25T10:27:55.564+09:00  INFO 30088 --- [    Test worker] o.s.t.web.servlet.TestDispatcherServlet  : Initializing Servlet ''
2025-08-25T10:27:55.564+09:00  INFO 30088 --- [    Test worker] o.s.t.web.servlet.TestDispatcherServlet  : Completed initialization in 0 ms
2025-08-25T10:27:55.565+09:00  INFO 30088 --- [    Test worker] c.s.h.c.d.c.c.ChatHistoryController      : 채팅 히스토리 요청: roomId=test-room-001, userId=test-user-001, before=null, limit=50
2025-08-25T10:27:55.565+09:00  INFO 30088 --- [    Test worker] c.s.h.c.d.c.c.ChatHistoryController      : 채팅 히스토리 응답: roomId=test-room-001, count=3, lastMessageId=msg003, hasMore=true
]]></system-out>
  <system-err><![CDATA[]]></system-err>
</testsuite>
