<?xml version="1.0" encoding="UTF-8"?>
<testsuite name="com.shinhan.heybob.chat.integration.ChatHistoryIntegrationTest" tests="6" skipped="6" failures="0" errors="0" timestamp="2025-08-22T00:15:27.769Z" hostname="DESKTOP-HA97GMI" time="0.001">
  <properties/>
  <testcase name="다양한_메시지_타입_조회_테스트()" classname="com.shinhan.heybob.chat.integration.ChatHistoryIntegrationTest" time="0.0">
    <skipped/>
  </testcase>
  <testcase name="마지막_페이지_hasMore_false_테스트()" classname="com.shinhan.heybob.chat.integration.ChatHistoryIntegrationTest" time="0.0">
    <skipped/>
  </testcase>
  <testcase name="빈_방_히스토리_조회_테스트()" classname="com.shinhan.heybob.chat.integration.ChatHistoryIntegrationTest" time="0.0">
    <skipped/>
  </testcase>
  <testcase name="실제_데이터베이스_연동_히스토리_조회_테스트()" classname="com.shinhan.heybob.chat.integration.ChatHistoryIntegrationTest" time="0.0">
    <skipped/>
  </testcase>
  <testcase name="레거시_API_실제_동작_테스트()" classname="com.shinhan.heybob.chat.integration.ChatHistoryIntegrationTest" time="0.0">
    <skipped/>
  </testcase>
  <testcase name="페이징_연속_조회_테스트()" classname="com.shinhan.heybob.chat.integration.ChatHistoryIntegrationTest" time="0.0">
    <skipped/>
  </testcase>
  <system-out><![CDATA[]]></system-out>
  <system-err><![CDATA[]]></system-err>
</testsuite>
