<?xml version="1.0" encoding="UTF-8"?>
<testsuite name="com.shinhan.heybob.chat.domain.chat.controller.ChatControllerTest" tests="4" skipped="0" failures="0" errors="0" timestamp="2025-08-22T00:25:03.861Z" hostname="DESKTOP-HA97GMI" time="3.313">
  <properties/>
  <testcase name="정산_취소_버튼_상호작용_테스트()" classname="com.shinhan.heybob.chat.domain.chat.controller.ChatControllerTest" time="3.253"/>
  <testcase name="정산_거절_버튼_상호작용_테스트()" classname="com.shinhan.heybob.chat.domain.chat.controller.ChatControllerTest" time="0.018"/>
  <testcase name="정산_승낙_버튼_상호작용_테스트()" classname="com.shinhan.heybob.chat.domain.chat.controller.ChatControllerTest" time="0.014"/>
  <testcase name="settlementId_없는_정산_상호작용_테스트()" classname="com.shinhan.heybob.chat.domain.chat.controller.ChatControllerTest" time="0.017"/>
  <system-out><![CDATA[09:25:06.916 [Test worker] INFO com.shinhan.heybob.chat.domain.chat.controller.ChatController -- 메시지 수신: roomId=test-room-001, content=정산을 취소합니다
09:25:06.990 [Test worker] INFO com.shinhan.heybob.chat.domain.chat.controller.ChatController -- 정산 상태 업데이트 브로드캐스트: roomId=test-room-001, settlementId=test-settlement-001
09:25:06.991 [Test worker] INFO com.shinhan.heybob.chat.domain.chat.controller.ChatController -- ? 정산 응답 Main 서버 전송: settlementId=test-settlement-001, userId=20000622, response=cancelled
09:25:06.992 [Test worker] INFO com.shinhan.heybob.chat.domain.chat.controller.ChatController -- 메시지 브로드캐스트 완료: roomId=test-room-001, messageId=response-003
09:25:07.134 [Test worker] INFO com.shinhan.heybob.chat.domain.chat.controller.ChatController -- 메시지 수신: roomId=test-room-001, content=정산 거절합니다
09:25:07.135 [Test worker] INFO com.shinhan.heybob.chat.domain.chat.controller.ChatController -- 정산 상태 업데이트 브로드캐스트: roomId=test-room-001, settlementId=test-settlement-001
09:25:07.136 [Test worker] INFO com.shinhan.heybob.chat.domain.chat.controller.ChatController -- ? 정산 응답 Main 서버 전송: settlementId=test-settlement-001, userId=20000622, response=rejected
09:25:07.137 [Test worker] INFO com.shinhan.heybob.chat.domain.chat.controller.ChatController -- 메시지 브로드캐스트 완료: roomId=test-room-001, messageId=response-002
09:25:07.151 [Test worker] INFO com.shinhan.heybob.chat.domain.chat.controller.ChatController -- 메시지 수신: roomId=test-room-001, content=정산 승낙합니다
09:25:07.152 [Test worker] INFO com.shinhan.heybob.chat.domain.chat.controller.ChatController -- 정산 상태 업데이트 브로드캐스트: roomId=test-room-001, settlementId=test-settlement-001
09:25:07.153 [Test worker] INFO com.shinhan.heybob.chat.domain.chat.controller.ChatController -- ? 정산 응답 Main 서버 전송: settlementId=test-settlement-001, userId=20000622, response=accepted
09:25:07.154 [Test worker] INFO com.shinhan.heybob.chat.domain.chat.controller.ChatController -- 메시지 브로드캐스트 완료: roomId=test-room-001, messageId=response-001
09:25:07.165 [Test worker] INFO com.shinhan.heybob.chat.domain.chat.controller.ChatController -- 메시지 수신: roomId=test-room-001, content=정산 승낙합니다
09:25:07.165 [Test worker] WARN com.shinhan.heybob.chat.domain.chat.controller.ChatController -- 정산 상호작용에 settlementId 없음: messageType=SETTLEMENT_ACCEPT
09:25:07.166 [Test worker] INFO com.shinhan.heybob.chat.domain.chat.controller.ChatController -- 메시지 브로드캐스트 완료: roomId=test-room-001, messageId=response-004
]]></system-out>
  <system-err><![CDATA[]]></system-err>
</testsuite>
